<?xml version="1.0" encoding="UTF-8"?>
<testng-results skipped="0" failed="0" ignored="0" total="1" passed="1">
  <reporter-output>
    <line>
      <![CDATA[Selected Product Name :dress]]>
    </line>
    <line>
      <![CDATA[[ PO32 ] vTiger_6356 - Purchase Order Information   Updated today (26 Jun 2021) By Administrator ]]>
    </line>
  </reporter-output>
  <suite name="Default suite" duration-ms="96949" started-at="2021-06-26T12:21:56 IST" finished-at="2021-06-26T12:23:33 IST">
    <groups>
    </groups>
    <test name="Default test" duration-ms="96949" started-at="2021-06-26T12:21:56 IST" finished-at="2021-06-26T12:23:33 IST">
      <class name="PurchaseOrder.TC_005Test">
        <test-method status="PASS" signature="beforeSuite()[pri:0, instance:PurchaseOrder.TC_005Test@612679d6]" name="beforeSuite" is-config="true" duration-ms="14" started-at="2021-06-26T12:21:56 IST" finished-at="2021-06-26T12:21:56 IST">
          <reporter-output>
          </reporter-output>
        </test-method> <!-- beforeSuite -->
        <test-method status="PASS" signature="beforeTest()[pri:0, instance:PurchaseOrder.TC_005Test@612679d6]" name="beforeTest" is-config="true" duration-ms="0" started-at="2021-06-26T12:21:56 IST" finished-at="2021-06-26T12:21:56 IST">
          <reporter-output>
          </reporter-output>
        </test-method> <!-- beforeTest -->
        <test-method status="PASS" signature="beforeClass()[pri:0, instance:PurchaseOrder.TC_005Test@612679d6]" name="beforeClass" is-config="true" duration-ms="17460" started-at="2021-06-26T12:21:56 IST" finished-at="2021-06-26T12:22:14 IST">
          <reporter-output>
          </reporter-output>
        </test-method> <!-- beforeClass -->
        <test-method status="PASS" signature="beforeMethod()[pri:0, instance:PurchaseOrder.TC_005Test@612679d6]" name="beforeMethod" is-config="true" duration-ms="18085" started-at="2021-06-26T12:22:14 IST" finished-at="2021-06-26T12:22:32 IST">
          <reporter-output>
          </reporter-output>
        </test-method> <!-- beforeMethod -->
        <test-method status="PASS" signature="CreatePurchaseOrderWithItemAndProduct()[pri:0, instance:PurchaseOrder.TC_005Test@612679d6]" name="CreatePurchaseOrderWithItemAndProduct" duration-ms="57028" started-at="2021-06-26T12:22:32 IST" finished-at="2021-06-26T12:23:29 IST">
          <reporter-output>
            <line>
              <![CDATA[Selected Product Name :dress]]>
            </line>
            <line>
              <![CDATA[[ PO32 ] vTiger_6356 - Purchase Order Information   Updated today (26 Jun 2021) By Administrator ]]>
            </line>
          </reporter-output>
        </test-method> <!-- CreatePurchaseOrderWithItemAndProduct -->
        <test-method status="PASS" signature="afterMethod()[pri:0, instance:PurchaseOrder.TC_005Test@612679d6]" name="afterMethod" is-config="true" duration-ms="2765" started-at="2021-06-26T12:23:29 IST" finished-at="2021-06-26T12:23:31 IST">
          <reporter-output>
          </reporter-output>
        </test-method> <!-- afterMethod -->
        <test-method status="PASS" signature="AfterClass()[pri:0, instance:PurchaseOrder.TC_005Test@612679d6]" name="AfterClass" is-config="true" duration-ms="1509" started-at="2021-06-26T12:23:32 IST" finished-at="2021-06-26T12:23:33 IST">
          <reporter-output>
          </reporter-output>
        </test-method> <!-- AfterClass -->
        <test-method status="PASS" signature="afterTest()[pri:0, instance:PurchaseOrder.TC_005Test@612679d6]" name="afterTest" is-config="true" duration-ms="1" started-at="2021-06-26T12:23:33 IST" finished-at="2021-06-26T12:23:33 IST">
          <reporter-output>
          </reporter-output>
        </test-method> <!-- afterTest -->
        <test-method status="PASS" signature="afterSuite()[pri:0, instance:PurchaseOrder.TC_005Test@612679d6]" name="afterSuite" is-config="true" duration-ms="0" started-at="2021-06-26T12:23:33 IST" finished-at="2021-06-26T12:23:33 IST">
          <reporter-output>
          </reporter-output>
        </test-method> <!-- afterSuite -->
      </class> <!-- PurchaseOrder.TC_005Test -->
    </test> <!-- Default test -->
  </suite> <!-- Default suite -->
</testng-results>
